<?xml version="1.0" encoding="UTF-8"?>
<!-- Generated by org.testng.reporters.JUnitReportReporter -->
<testsuite hostname="dlusku20205871" name="sachin.bws.site.TestNG" tests="1" failures="0" timestamp="31 May 2016 11:00:51 GMT" time="40.397" errors="0">
  <testcase name="test" time="40.397" classname="sachin.bws.site.TestNG"/>
</testsuite> <!-- sachin.bws.site.TestNG -->
